# JRE version: OpenJDK Runtime Environment Temurin-21.0.7+6 (21.0.7+6) (build 21.0.7+6-LTS)
# Java VM: OpenJDK 64-Bit Server VM Temurin-21.0.7+6 (21.0.7+6-LTS, mixed mode, sharing, tiered, compressed oops, compressed class ptrs, parallel gc, windows-amd64)
GC Precious Log:
 CardTable entry size: 512
 CPUs: 4 total, 4 available
 Memory: 6086M
 Large Page Support: Disabled
 NUMA Support: Disabled
 Compressed Oops: Enabled (32-bit)
 Alignments: Space 512K, Generation 512K, Heap 2M
 Heap Min Capacity: 100M
 Heap Initial Capacity: 100M
 Heap Max Capacity: 2G
 Pre-touch: Disabled
 Parallel Workers: 4
Heap:
 PSYoungGen      total 9216K, used 5079K [0x00000000d5580000, 0x00000000d6000000, 0x0000000100000000)
  eden space 8704K, 54% used [0x00000000d5580000,0x00000000d5a25d18,0x00000000d5e00000)
  from space 512K, 62% used [0x00000000d5f80000,0x00000000d5fd0020,0x00000000d6000000)
  to   space 512K, 0% used [0x00000000d5e00000,0x00000000d5e00000,0x00000000d5e80000)
 ParOldGen       total 120832K, used 120384K [0x0000000080000000, 0x0000000087600000, 0x00000000d5580000)
  object space 120832K, 99% used [0x0000000080000000,0x0000000087590318,0x0000000087600000)
 Metaspace       used 74515K, committed 76096K, reserved 1179648K
  class space    used 7357K, committed 8128K, reserved 1048576K
GC Heap History (20 events):
Event: 285.537 GC heap before
{Heap before GC invocations=200 (full 3):
 PSYoungGen      total 13312K, used 13126K [0x00000000d5580000, 0x00000000d6480000, 0x0000000100000000)
  eden space 11776K, 100% used [0x00000000d5580000,0x00000000d6100000,0x00000000d6100000)
  from space 1536K, 87% used [0x00000000d6300000,0x00000000d64518c8,0x00000000d6480000)
  to   space 1536K, 0% used [0x00000000d6100000,0x00000000d6100000,0x00000000d6280000)
 ParOldGen       total 120320K, used 107321K [0x0000000080000000, 0x0000000087580000, 0x00000000d5580000)
  object space 120320K, 89% used [0x0000000080000000,0x00000000868ce7d8,0x0000000087580000)
 Metaspace       used 71350K, committed 72960K, reserved 1114112K
  class space    used 7111K, committed 7872K, reserved 1048576K
}
Event: 285.545 GC heap after
{Heap after GC invocations=200 (full 3):
 PSYoungGen      total 13312K, used 1522K [0x00000000d5580000, 0x00000000d6500000, 0x0000000100000000)
  eden space 11776K, 0% used [0x00000000d5580000,0x00000000d5580000,0x00000000d6100000)
  from space 1536K, 99% used [0x00000000d6100000,0x00000000d627c948,0x00000000d6280000)
  to   space 2048K, 0% used [0x00000000d6300000,0x00000000d6300000,0x00000000d6500000)
 ParOldGen       total 120320K, used 108628K [0x0000000080000000, 0x0000000087580000, 0x00000000d5580000)
  object space 120320K, 90% used [0x0000000080000000,0x0000000086a15158,0x0000000087580000)
 Metaspace       used 71350K, committed 72960K, reserved 1114112K
  class space    used 7111K, committed 7872K, reserved 1048576K
}
Event: 287.336 GC heap before
{Heap before GC invocations=201 (full 3):
 PSYoungGen      total 13312K, used 13298K [0x00000000d5580000, 0x00000000d6500000, 0x0000000100000000)
  eden space 11776K, 100% used [0x00000000d5580000,0x00000000d6100000,0x00000000d6100000)
  from space 1536K, 99% used [0x00000000d6100000,0x00000000d627c948,0x00000000d6280000)
  to   space 2048K, 0% used [0x00000000d6300000,0x00000000d6300000,0x00000000d6500000)
 ParOldGen       total 120320K, used 108628K [0x0000000080000000, 0x0000000087580000, 0x00000000d5580000)
  object space 120320K, 90% used [0x0000000080000000,0x0000000086a15158,0x0000000087580000)
 Metaspace       used 71709K, committed 73280K, reserved 1114112K
  class space    used 7134K, committed 7872K, reserved 1048576K
}
Event: 287.349 GC heap after
{Heap after GC invocations=201 (full 3):
 PSYoungGen      total 11776K, used 2037K [0x00000000d5580000, 0x00000000d6900000, 0x0000000100000000)
  eden space 9728K, 0% used [0x00000000d5580000,0x00000000d5580000,0x00000000d5f00000)
  from space 2048K, 99% used [0x00000000d6300000,0x00000000d64fd520,0x00000000d6500000)
  to   space 4096K, 0% used [0x00000000d5f00000,0x00000000d5f00000,0x00000000d6300000)
 ParOldGen       total 120320K, used 110216K [0x0000000080000000, 0x0000000087580000, 0x00000000d5580000)
  object space 120320K, 91% used [0x0000000080000000,0x0000000086ba23f8,0x0000000087580000)
 Metaspace       used 71709K, committed 73280K, reserved 1114112K
  class space    used 7134K, committed 7872K, reserved 1048576K
}
Event: 287.799 GC heap before
{Heap before GC invocations=202 (full 3):
 PSYoungGen      total 11776K, used 11765K [0x00000000d5580000, 0x00000000d6900000, 0x0000000100000000)
  eden space 9728K, 100% used [0x00000000d5580000,0x00000000d5f00000,0x00000000d5f00000)
  from space 2048K, 99% used [0x00000000d6300000,0x00000000d64fd520,0x00000000d6500000)
  to   space 4096K, 0% used [0x00000000d5f00000,0x00000000d5f00000,0x00000000d6300000)
 ParOldGen       total 120320K, used 110216K [0x0000000080000000, 0x0000000087580000, 0x00000000d5580000)
  object space 120320K, 91% used [0x0000000080000000,0x0000000086ba23f8,0x0000000087580000)
 Metaspace       used 72410K, committed 74048K, reserved 1179648K
  class space    used 7190K, committed 7936K, reserved 1048576K
}
Event: 287.807 GC heap after
{Heap after GC invocations=202 (full 3):
 PSYoungGen      total 11264K, used 1155K [0x00000000d5580000, 0x00000000d6400000, 0x0000000100000000)
  eden space 9728K, 0% used [0x00000000d5580000,0x00000000d5580000,0x00000000d5f00000)
  from space 1536K, 75% used [0x00000000d5f00000,0x00000000d6020cf0,0x00000000d6080000)
  to   space 2560K, 0% used [0x00000000d6180000,0x00000000d6180000,0x00000000d6400000)
 ParOldGen       total 120320K, used 112236K [0x0000000080000000, 0x0000000087580000, 0x00000000d5580000)
  object space 120320K, 93% used [0x0000000080000000,0x0000000086d9b0b0,0x0000000087580000)
 Metaspace       used 72410K, committed 74048K, reserved 1179648K
  class space    used 7190K, committed 7936K, reserved 1048576K
}
Event: 288.711 GC heap before
{Heap before GC invocations=203 (full 3):
 PSYoungGen      total 11264K, used 10883K [0x00000000d5580000, 0x00000000d6400000, 0x0000000100000000)
  eden space 9728K, 100% used [0x00000000d5580000,0x00000000d5f00000,0x00000000d5f00000)
  from space 1536K, 75% used [0x00000000d5f00000,0x00000000d6020cf0,0x00000000d6080000)
  to   space 2560K, 0% used [0x00000000d6180000,0x00000000d6180000,0x00000000d6400000)
 ParOldGen       total 120320K, used 112236K [0x0000000080000000, 0x0000000087580000, 0x00000000d5580000)
  object space 120320K, 93% used [0x0000000080000000,0x0000000086d9b0b0,0x0000000087580000)
 Metaspace       used 73024K, committed 74560K, reserved 1179648K
  class space    used 7236K, committed 7936K, reserved 1048576K
}
Event: 288.723 GC heap after
{Heap after GC invocations=203 (full 3):
 PSYoungGen      total 11264K, used 1219K [0x00000000d5580000, 0x00000000d6300000, 0x0000000100000000)
  eden space 9728K, 0% used [0x00000000d5580000,0x00000000d5580000,0x00000000d5f00000)
  from space 1536K, 79% used [0x00000000d6180000,0x00000000d62b0dc8,0x00000000d6300000)
  to   space 1536K, 0% used [0x00000000d5f00000,0x00000000d5f00000,0x00000000d6080000)
 ParOldGen       total 120320K, used 113028K [0x0000000080000000, 0x0000000087580000, 0x00000000d5580000)
  object space 120320K, 93% used [0x0000000080000000,0x0000000086e61380,0x0000000087580000)
 Metaspace       used 73024K, committed 74560K, reserved 1179648K
  class space    used 7236K, committed 7936K, reserved 1048576K
}
Event: 289.585 GC heap before
{Heap before GC invocations=204 (full 3):
 PSYoungGen      total 11264K, used 10927K [0x00000000d5580000, 0x00000000d6300000, 0x0000000100000000)
  eden space 9728K, 99% used [0x00000000d5580000,0x00000000d5efb000,0x00000000d5f00000)
  from space 1536K, 79% used [0x00000000d6180000,0x00000000d62b0dc8,0x00000000d6300000)
  to   space 1536K, 0% used [0x00000000d5f00000,0x00000000d5f00000,0x00000000d6080000)
 ParOldGen       total 120320K, used 113028K [0x0000000080000000, 0x0000000087580000, 0x00000000d5580000)
  object space 120320K, 93% used [0x0000000080000000,0x0000000086e61380,0x0000000087580000)
 Metaspace       used 73084K, committed 74688K, reserved 1179648K
  class space    used 7241K, committed 8000K, reserved 1048576K
}
Event: 289.595 GC heap after
{Heap after GC invocations=204 (full 3):
 PSYoungGen      total 11264K, used 1279K [0x00000000d5580000, 0x00000000d6200000, 0x0000000100000000)
  eden space 9728K, 0% used [0x00000000d5580000,0x00000000d5580000,0x00000000d5f00000)
  from space 1536K, 83% used [0x00000000d5f00000,0x00000000d603ff48,0x00000000d6080000)
  to   space 1536K, 0% used [0x00000000d6080000,0x00000000d6080000,0x00000000d6200000)
 ParOldGen       total 120320K, used 116972K [0x0000000080000000, 0x0000000087580000, 0x00000000d5580000)
  object space 120320K, 97% used [0x0000000080000000,0x000000008723b318,0x0000000087580000)
 Metaspace       used 73084K, committed 74688K, reserved 1179648K
  class space    used 7241K, committed 8000K, reserved 1048576K
}
Event: 289.839 GC heap before
{Heap before GC invocations=205 (full 3):
 PSYoungGen      total 11264K, used 10306K [0x00000000d5580000, 0x00000000d6200000, 0x0000000100000000)
  eden space 9728K, 92% used [0x00000000d5580000,0x00000000d5e50938,0x00000000d5f00000)
  from space 1536K, 83% used [0x00000000d5f00000,0x00000000d603ff48,0x00000000d6080000)
  to   space 1536K, 0% used [0x00000000d6080000,0x00000000d6080000,0x00000000d6200000)
 ParOldGen       total 120320K, used 116972K [0x0000000080000000, 0x0000000087580000, 0x00000000d5580000)
  object space 120320K, 97% used [0x0000000080000000,0x000000008723b318,0x0000000087580000)
 Metaspace       used 73254K, committed 74880K, reserved 1179648K
  class space    used 7250K, committed 8000K, reserved 1048576K
}
Event: 289.847 GC heap after
{Heap after GC invocations=205 (full 3):
 PSYoungGen      total 10240K, used 384K [0x00000000d5580000, 0x00000000d6100000, 0x0000000100000000)
  eden space 9728K, 0% used [0x00000000d5580000,0x00000000d5580000,0x00000000d5f00000)
  from space 512K, 75% used [0x00000000d6080000,0x00000000d60e0050,0x00000000d6100000)
  to   space 1024K, 0% used [0x00000000d5f00000,0x00000000d5f00000,0x00000000d6000000)
 ParOldGen       total 120320K, used 118125K [0x0000000080000000, 0x0000000087580000, 0x00000000d5580000)
  object space 120320K, 98% used [0x0000000080000000,0x000000008735b790,0x0000000087580000)
 Metaspace       used 73254K, committed 74880K, reserved 1179648K
  class space    used 7250K, committed 8000K, reserved 1048576K
}
Event: 290.204 GC heap before
{Heap before GC invocations=206 (full 3):
 PSYoungGen      total 10240K, used 10112K [0x00000000d5580000, 0x00000000d6100000, 0x0000000100000000)
  eden space 9728K, 100% used [0x00000000d5580000,0x00000000d5f00000,0x00000000d5f00000)
  from space 512K, 75% used [0x00000000d6080000,0x00000000d60e0050,0x00000000d6100000)
  to   space 1024K, 0% used [0x00000000d5f00000,0x00000000d5f00000,0x00000000d6000000)
 ParOldGen       total 120320K, used 118125K [0x0000000080000000, 0x0000000087580000, 0x00000000d5580000)
  object space 120320K, 98% used [0x0000000080000000,0x000000008735b790,0x0000000087580000)
 Metaspace       used 73283K, committed 74880K, reserved 1179648K
  class space    used 7253K, committed 8000K, reserved 1048576K
}
Event: 290.208 GC heap after
{Heap after GC invocations=206 (full 3):
 PSYoungGen      total 10752K, used 768K [0x00000000d5580000, 0x00000000d6100000, 0x0000000100000000)
  eden space 9728K, 0% used [0x00000000d5580000,0x00000000d5580000,0x00000000d5f00000)
  from space 1024K, 75% used [0x00000000d5f00000,0x00000000d5fc0000,0x00000000d6000000)
  to   space 1024K, 0% used [0x00000000d6000000,0x00000000d6000000,0x00000000d6100000)
 ParOldGen       total 120320K, used 118440K [0x0000000080000000, 0x0000000087580000, 0x00000000d5580000)
  object space 120320K, 98% used [0x0000000080000000,0x00000000873aa248,0x0000000087580000)
 Metaspace       used 73283K, committed 74880K, reserved 1179648K
  class space    used 7253K, committed 8000K, reserved 1048576K
}
Event: 291.027 GC heap before
{Heap before GC invocations=207 (full 3):
 PSYoungGen      total 10752K, used 10496K [0x00000000d5580000, 0x00000000d6100000, 0x0000000100000000)
  eden space 9728K, 100% used [0x00000000d5580000,0x00000000d5f00000,0x00000000d5f00000)
  from space 1024K, 75% used [0x00000000d5f00000,0x00000000d5fc0000,0x00000000d6000000)
  to   space 1024K, 0% used [0x00000000d6000000,0x00000000d6000000,0x00000000d6100000)
 ParOldGen       total 120320K, used 118440K [0x0000000080000000, 0x0000000087580000, 0x00000000d5580000)
  object space 120320K, 98% used [0x0000000080000000,0x00000000873aa248,0x0000000087580000)
 Metaspace       used 73924K, committed 75520K, reserved 1179648K
  class space    used 7295K, committed 8064K, reserved 1048576K
}
Event: 291.034 GC heap after
{Heap after GC invocations=207 (full 3):
 PSYoungGen      total 9728K, used 1024K [0x00000000d5580000, 0x00000000d6300000, 0x0000000100000000)
  eden space 8704K, 0% used [0x00000000d5580000,0x00000000d5580000,0x00000000d5e00000)
  from space 1024K, 100% used [0x00000000d6000000,0x00000000d6100000,0x00000000d6100000)
  to   space 2048K, 0% used [0x00000000d5e00000,0x00000000d5e00000,0x00000000d6000000)
 ParOldGen       total 120320K, used 119204K [0x0000000080000000, 0x0000000087580000, 0x00000000d5580000)
  object space 120320K, 99% used [0x0000000080000000,0x0000000087469158,0x0000000087580000)
 Metaspace       used 73924K, committed 75520K, reserved 1179648K
  class space    used 7295K, committed 8064K, reserved 1048576K
}
Event: 385.781 GC heap before
{Heap before GC invocations=208 (full 3):
 PSYoungGen      total 9728K, used 9728K [0x00000000d5580000, 0x00000000d6300000, 0x0000000100000000)
  eden space 8704K, 100% used [0x00000000d5580000,0x00000000d5e00000,0x00000000d5e00000)
  from space 1024K, 100% used [0x00000000d6000000,0x00000000d6100000,0x00000000d6100000)
  to   space 2048K, 0% used [0x00000000d5e00000,0x00000000d5e00000,0x00000000d6000000)
 ParOldGen       total 120320K, used 119204K [0x0000000080000000, 0x0000000087580000, 0x00000000d5580000)
  object space 120320K, 99% used [0x0000000080000000,0x0000000087469158,0x0000000087580000)
 Metaspace       used 74316K, committed 75904K, reserved 1179648K
  class space    used 7339K, committed 8064K, reserved 1048576K
}
Event: 385.789 GC heap after
{Heap after GC invocations=208 (full 3):
 PSYoungGen      total 9216K, used 256K [0x00000000d5580000, 0x00000000d6080000, 0x0000000100000000)
  eden space 8704K, 0% used [0x00000000d5580000,0x00000000d5580000,0x00000000d5e00000)
  from space 512K, 50% used [0x00000000d5e00000,0x00000000d5e40000,0x00000000d5e80000)
  to   space 1024K, 0% used [0x00000000d5f80000,0x00000000d5f80000,0x00000000d6080000)
 ParOldGen       total 120320K, used 120216K [0x0000000080000000, 0x0000000087580000, 0x00000000d5580000)
  object space 120320K, 99% used [0x0000000080000000,0x0000000087566318,0x0000000087580000)
 Metaspace       used 74316K, committed 75904K, reserved 1179648K
  class space    used 7339K, committed 8064K, reserved 1048576K
}
Event: 5200.718 GC heap before
{Heap before GC invocations=209 (full 3):
 PSYoungGen      total 9216K, used 8960K [0x00000000d5580000, 0x00000000d6080000, 0x0000000100000000)
  eden space 8704K, 100% used [0x00000000d5580000,0x00000000d5e00000,0x00000000d5e00000)
  from space 512K, 50% used [0x00000000d5e00000,0x00000000d5e40000,0x00000000d5e80000)
  to   space 1024K, 0% used [0x00000000d5f80000,0x00000000d5f80000,0x00000000d6080000)
 ParOldGen       total 120320K, used 120216K [0x0000000080000000, 0x0000000087580000, 0x00000000d5580000)
  object space 120320K, 99% used [0x0000000080000000,0x0000000087566318,0x0000000087580000)
 Metaspace       used 74491K, committed 76096K, reserved 1179648K
  class space    used 7357K, committed 8128K, reserved 1048576K
}
Event: 5200.901 GC heap after
{Heap after GC invocations=209 (full 3):
 PSYoungGen      total 9216K, used 320K [0x00000000d5580000, 0x00000000d6000000, 0x0000000100000000)
  eden space 8704K, 0% used [0x00000000d5580000,0x00000000d5580000,0x00000000d5e00000)
  from space 512K, 62% used [0x00000000d5f80000,0x00000000d5fd0020,0x00000000d6000000)
  to   space 512K, 0% used [0x00000000d5e00000,0x00000000d5e00000,0x00000000d5e80000)
 ParOldGen       total 120832K, used 120384K [0x0000000080000000, 0x0000000087600000, 0x00000000d5580000)
  object space 120832K, 99% used [0x0000000080000000,0x0000000087590318,0x0000000087600000)
 Metaspace       used 74491K, committed 76096K, reserved 1179648K
  class space    used 7357K, committed 8128K, reserved 1048576K
}

